{
  "uuid": "0d4af07e-f8dd-4088-9ea3-b1908833205b-tr-0-1012",
  "historyId": "YandexE2Etests.Tests.YandexNavigationTests.NewsNavigation",
  "fullName": "YandexE2Etests.Tests.YandexNavigationTests.NewsNavigation",
  "labels": [
    {
      "name": "thread",
      "value": "NonParallelWorker"
    },
    {
      "name": "host",
      "value": "PHILIP"
    },
    {
      "name": "testClass",
      "value": "YandexE2Etests.Tests.YandexNavigationTests"
    },
    {
      "name": "testMethod",
      "value": "NewsNavigation"
    },
    {
      "name": "package",
      "value": "YandexE2Etests.Tests.YandexNavigationTests"
    },
    {
      "name": "tag",
      "value": "Functional"
    },
    {
      "name": "severity",
      "value": "normal"
    },
    {
      "name": "owner",
      "value": "Philip"
    },
    {
      "name": "suite",
      "value": "Navigation"
    },
    {
      "name": "subSuite",
      "value": "Assert"
    }
  ],
  "links": [
    {
      "name": "ISSUE-1",
      "url": "ISSUE-1",
      "type": "issue"
    }
  ],
  "name": "NewsNavigation",
  "status": "failed",
  "statusDetails": {
    "known": false,
    "muted": false,
    "flaky": false,
    "message": "OpenQA.Selenium.WebDriverException : Unexpected error. System.Net.WebException: Невозможно соединиться с удаленным сервером ---> System.Net.Sockets.SocketException: Подключение не установлено, т.к. конечный компьютер отверг запрос на подключение 127.0.0.1:58926\r\n   в System.Net.Sockets.Socket.DoConnect(EndPoint endPointSnapshot, SocketAddress socketAddress)\r\n   в System.Net.ServicePoint.ConnectSocketInternal(Boolean connectFailure, Socket s4, Socket s6, Socket& socket, IPAddress& address, ConnectSocketState state, IAsyncResult asyncResult, Exception& exception)\r\n   --- Конец трассировки внутреннего стека исключений ---\r\n   в System.Net.HttpWebRequest.GetRequestStream(TransportContext& context)\r\n   в System.Net.HttpWebRequest.GetRequestStream()\r\n   в OpenQA.Selenium.Remote.HttpCommandExecutor.MakeHttpRequest(HttpRequestInfo requestInfo)\r\n   в OpenQA.Selenium.Remote.HttpCommandExecutor.Execute(Command commandToExecute)\r\n   в OpenQA.Selenium.Remote.DriverServiceCommandExecutor.Execute(Command commandToExecute)\r\n   в OpenQA.Selenium.Remote.RemoteWebDriver.Execute(String driverCommandToExecute, Dictionary`2 parameters)",
    "trace": "   в OpenQA.Selenium.Remote.RemoteWebDriver.UnpackAndThrowOnError(Response errorResponse)\r\n   в OpenQA.Selenium.Remote.RemoteWebDriver.Execute(String driverCommandToExecute, Dictionary`2 parameters)\r\n   в OpenQA.Selenium.Remote.RemoteWebDriver.FindElement(String mechanism, String value)\r\n   в OpenQA.Selenium.Remote.RemoteWebDriver.FindElementByXPath(String xpath)\r\n   в OpenQA.Selenium.By.<>c__DisplayClass19_0.<XPath>b__0(ISearchContext context)\r\n   в OpenQA.Selenium.By.FindElement(ISearchContext context)\r\n   в OpenQA.Selenium.Remote.RemoteWebDriver.FindElement(By by)\r\n   в SeleniumExtras.WaitHelpers.ExpectedConditions.<>c__DisplayClass19_0.<ElementToBeClickable>b__0(IWebDriver driver)\r\n   в OpenQA.Selenium.Support.UI.DefaultWait`1.Until[TResult](Func`2 condition)\r\n   в YandexE2Etests.Core.Waits.ElementIsClickable(By locator) в D:\\papka\\AQA\\YandexE2Etests\\YandexE2Etests\\Core\\Waits.cs:строка 34\r\n   в YandexE2Etests.Pages.BasePage.ButtonClick(By locator) в D:\\papka\\AQA\\YandexE2Etests\\YandexE2Etests\\Pages\\BasePage.cs:строка 28\r\n   в YandexE2Etests.Tests.YandexNavigationTests.NewsNavigation() в D:\\papka\\AQA\\YandexE2Etests\\YandexE2Etests\\Tests\\YandexNavigationTests.cs:строка 72"
  },
  "stage": "finished",
  "description": "News Navigation\n",
  "steps": [
    {
      "name": "NewsNavigation",
      "status": "failed",
      "statusDetails": {
        "known": false,
        "muted": false,
        "flaky": false,
        "message": "OpenQA.Selenium.WebDriverException : Unexpected error. System.Net.WebException: Невозможно соединиться с удаленным сервером ---> System.Net.Sockets.SocketException: Подключение не установлено, т.к. конечный компьютер отверг запрос на подключение 127.0.0.1:58926\r\n   в System.Net.Sockets.Socket.DoConnect(EndPoint endPointSnapshot, SocketAddress socketAddress)\r\n   в System.Net.ServicePoint.ConnectSocketInternal(Boolean connectFailure, Socket s4, Socket s6, Socket& socket, IPAddress& address, ConnectSocketState state, IAsyncResult asyncResult, Exception& exception)\r\n   --- Конец трассировки внутреннего стека исключений ---\r\n   в System.Net.HttpWebRequest.GetRequestStream(TransportContext& context)\r\n   в System.Net.HttpWebRequest.GetRequestStream()\r\n   в OpenQA.Selenium.Remote.HttpCommandExecutor.MakeHttpRequest(HttpRequestInfo requestInfo)\r\n   в OpenQA.Selenium.Remote.HttpCommandExecutor.Execute(Command commandToExecute)\r\n   в OpenQA.Selenium.Remote.DriverServiceCommandExecutor.Execute(Command commandToExecute)\r\n   в OpenQA.Selenium.Remote.RemoteWebDriver.Execute(String driverCommandToExecute, Dictionary`2 parameters)",
        "trace": "   в OpenQA.Selenium.Remote.RemoteWebDriver.UnpackAndThrowOnError(Response errorResponse)\r\n   в OpenQA.Selenium.Remote.RemoteWebDriver.Execute(String driverCommandToExecute, Dictionary`2 parameters)\r\n   в OpenQA.Selenium.Remote.RemoteWebDriver.FindElement(String mechanism, String value)\r\n   в OpenQA.Selenium.Remote.RemoteWebDriver.FindElementByXPath(String xpath)\r\n   в OpenQA.Selenium.By.<>c__DisplayClass19_0.<XPath>b__0(ISearchContext context)\r\n   в OpenQA.Selenium.By.FindElement(ISearchContext context)\r\n   в OpenQA.Selenium.Remote.RemoteWebDriver.FindElement(By by)\r\n   в SeleniumExtras.WaitHelpers.ExpectedConditions.<>c__DisplayClass19_0.<ElementToBeClickable>b__0(IWebDriver driver)\r\n   в OpenQA.Selenium.Support.UI.DefaultWait`1.Until[TResult](Func`2 condition)\r\n   в YandexE2Etests.Core.Waits.ElementIsClickable(By locator) в D:\\papka\\AQA\\YandexE2Etests\\YandexE2Etests\\Core\\Waits.cs:строка 34\r\n   в YandexE2Etests.Pages.BasePage.ButtonClick(By locator) в D:\\papka\\AQA\\YandexE2Etests\\YandexE2Etests\\Pages\\BasePage.cs:строка 28\r\n   в YandexE2Etests.Tests.YandexNavigationTests.NewsNavigation() в D:\\papka\\AQA\\YandexE2Etests\\YandexE2Etests\\Tests\\YandexNavigationTests.cs:строка 72"
      },
      "stage": "finished",
      "steps": [],
      "attachments": [
        {
          "name": "Console Output",
          "source": "fd2c53f88eb34862911cfdcfec1138e6-attachment.txt",
          "type": "text/plain"
        }
      ],
      "parameters": [],
      "start": 1630698806714,
      "stop": 1630698810787
    }
  ],
  "attachments": [],
  "parameters": [],
  "start": 1630698806714,
  "stop": 1630698810800
}