{
  "uuid": "7905592a-2bfe-427a-9c8a-7a0bc0f0245a-tr-0-1011",
  "historyId": "YandexE2Etests.Tests.YandexNavigationTests.PicturesNavigation",
  "fullName": "YandexE2Etests.Tests.YandexNavigationTests.PicturesNavigation",
  "labels": [
    {
      "name": "thread",
      "value": "NonParallelWorker"
    },
    {
      "name": "host",
      "value": "PHILIP"
    },
    {
      "name": "testClass",
      "value": "YandexE2Etests.Tests.YandexNavigationTests"
    },
    {
      "name": "testMethod",
      "value": "PicturesNavigation"
    },
    {
      "name": "package",
      "value": "YandexE2Etests.Tests.YandexNavigationTests"
    },
    {
      "name": "tag",
      "value": "Functional"
    },
    {
      "name": "severity",
      "value": "blocker"
    },
    {
      "name": "owner",
      "value": "Philip"
    },
    {
      "name": "suite",
      "value": "Navigation"
    },
    {
      "name": "subSuite",
      "value": "Assert"
    }
  ],
  "links": [
    {
      "name": "ISSUE-1",
      "url": "ISSUE-1",
      "type": "issue"
    }
  ],
  "name": "PicturesNavigation",
  "status": "failed",
  "statusDetails": {
    "known": false,
    "muted": false,
    "flaky": false,
    "message": "OpenQA.Selenium.WebDriverException : Unexpected error. System.Net.WebException: Невозможно соединиться с удаленным сервером ---> System.Net.Sockets.SocketException: Подключение не установлено, т.к. конечный компьютер отверг запрос на подключение 127.0.0.1:51163\r\n   в System.Net.Sockets.Socket.DoConnect(EndPoint endPointSnapshot, SocketAddress socketAddress)\r\n   в System.Net.ServicePoint.ConnectSocketInternal(Boolean connectFailure, Socket s4, Socket s6, Socket& socket, IPAddress& address, ConnectSocketState state, IAsyncResult asyncResult, Exception& exception)\r\n   --- Конец трассировки внутреннего стека исключений ---\r\n   в System.Net.HttpWebRequest.GetRequestStream(TransportContext& context)\r\n   в System.Net.HttpWebRequest.GetRequestStream()\r\n   в OpenQA.Selenium.Remote.HttpCommandExecutor.MakeHttpRequest(HttpRequestInfo requestInfo)\r\n   в OpenQA.Selenium.Remote.HttpCommandExecutor.Execute(Command commandToExecute)\r\n   в OpenQA.Selenium.Remote.DriverServiceCommandExecutor.Execute(Command commandToExecute)\r\n   в OpenQA.Selenium.Remote.RemoteWebDriver.Execute(String driverCommandToExecute, Dictionary`2 parameters)",
    "trace": "   в OpenQA.Selenium.Remote.RemoteWebDriver.UnpackAndThrowOnError(Response errorResponse)\r\n   в OpenQA.Selenium.Remote.RemoteWebDriver.Execute(String driverCommandToExecute, Dictionary`2 parameters)\r\n   в OpenQA.Selenium.Remote.RemoteWebDriver.FindElement(String mechanism, String value)\r\n   в OpenQA.Selenium.Remote.RemoteWebDriver.FindElementByXPath(String xpath)\r\n   в OpenQA.Selenium.By.<>c__DisplayClass19_0.<XPath>b__0(ISearchContext context)\r\n   в OpenQA.Selenium.By.FindElement(ISearchContext context)\r\n   в OpenQA.Selenium.Remote.RemoteWebDriver.FindElement(By by)\r\n   в SeleniumExtras.WaitHelpers.ExpectedConditions.<>c__DisplayClass19_0.<ElementToBeClickable>b__0(IWebDriver driver)\r\n   в OpenQA.Selenium.Support.UI.DefaultWait`1.Until[TResult](Func`2 condition)\r\n   в YandexE2Etests.Core.Waits.ElementIsClickable(By locator) в D:\\papka\\AQA\\YandexE2Etests\\YandexE2Etests\\Core\\Waits.cs:строка 34\r\n   в YandexE2Etests.Pages.BasePage.ButtonClick(By locator) в D:\\papka\\AQA\\YandexE2Etests\\YandexE2Etests\\Pages\\BasePage.cs:строка 30\r\n   в YandexE2Etests.Tests.YandexNavigationTests.PicturesNavigation() в D:\\papka\\AQA\\YandexE2Etests\\YandexE2Etests\\Tests\\YandexNavigationTests.cs:строка 54"
  },
  "stage": "finished",
  "description": "Pictures Navigation\n",
  "steps": [
    {
      "name": "PicturesNavigation",
      "status": "failed",
      "statusDetails": {
        "known": false,
        "muted": false,
        "flaky": false,
        "message": "OpenQA.Selenium.WebDriverException : Unexpected error. System.Net.WebException: Невозможно соединиться с удаленным сервером ---> System.Net.Sockets.SocketException: Подключение не установлено, т.к. конечный компьютер отверг запрос на подключение 127.0.0.1:51163\r\n   в System.Net.Sockets.Socket.DoConnect(EndPoint endPointSnapshot, SocketAddress socketAddress)\r\n   в System.Net.ServicePoint.ConnectSocketInternal(Boolean connectFailure, Socket s4, Socket s6, Socket& socket, IPAddress& address, ConnectSocketState state, IAsyncResult asyncResult, Exception& exception)\r\n   --- Конец трассировки внутреннего стека исключений ---\r\n   в System.Net.HttpWebRequest.GetRequestStream(TransportContext& context)\r\n   в System.Net.HttpWebRequest.GetRequestStream()\r\n   в OpenQA.Selenium.Remote.HttpCommandExecutor.MakeHttpRequest(HttpRequestInfo requestInfo)\r\n   в OpenQA.Selenium.Remote.HttpCommandExecutor.Execute(Command commandToExecute)\r\n   в OpenQA.Selenium.Remote.DriverServiceCommandExecutor.Execute(Command commandToExecute)\r\n   в OpenQA.Selenium.Remote.RemoteWebDriver.Execute(String driverCommandToExecute, Dictionary`2 parameters)",
        "trace": "   в OpenQA.Selenium.Remote.RemoteWebDriver.UnpackAndThrowOnError(Response errorResponse)\r\n   в OpenQA.Selenium.Remote.RemoteWebDriver.Execute(String driverCommandToExecute, Dictionary`2 parameters)\r\n   в OpenQA.Selenium.Remote.RemoteWebDriver.FindElement(String mechanism, String value)\r\n   в OpenQA.Selenium.Remote.RemoteWebDriver.FindElementByXPath(String xpath)\r\n   в OpenQA.Selenium.By.<>c__DisplayClass19_0.<XPath>b__0(ISearchContext context)\r\n   в OpenQA.Selenium.By.FindElement(ISearchContext context)\r\n   в OpenQA.Selenium.Remote.RemoteWebDriver.FindElement(By by)\r\n   в SeleniumExtras.WaitHelpers.ExpectedConditions.<>c__DisplayClass19_0.<ElementToBeClickable>b__0(IWebDriver driver)\r\n   в OpenQA.Selenium.Support.UI.DefaultWait`1.Until[TResult](Func`2 condition)\r\n   в YandexE2Etests.Core.Waits.ElementIsClickable(By locator) в D:\\papka\\AQA\\YandexE2Etests\\YandexE2Etests\\Core\\Waits.cs:строка 34\r\n   в YandexE2Etests.Pages.BasePage.ButtonClick(By locator) в D:\\papka\\AQA\\YandexE2Etests\\YandexE2Etests\\Pages\\BasePage.cs:строка 30\r\n   в YandexE2Etests.Tests.YandexNavigationTests.PicturesNavigation() в D:\\papka\\AQA\\YandexE2Etests\\YandexE2Etests\\Tests\\YandexNavigationTests.cs:строка 54"
      },
      "stage": "finished",
      "steps": [],
      "attachments": [
        {
          "name": "Console Output",
          "source": "94277b43564a46bd83dd790023f9b212-attachment.txt",
          "type": "text/plain"
        }
      ],
      "parameters": [],
      "start": 1631047176770,
      "stop": 1631047185038
    }
  ],
  "attachments": [],
  "parameters": [],
  "start": 1631047176770,
  "stop": 1631047185038
}